
Job manager parameters and information containing the user list and user usage information is saved.




The list of ACTIVE users is extracted at Friday, 14-Aug-2015  7:52:54 AM.

There are 0 ACTIVE users in the system.


The JOB MANAGER for the current project started at Friday, 14-Aug-2015  7:52:54 AM.




The list of all ACTIVE users is extracted and updated at Friday, 14-Aug-2015  7:52:54 AM.
There are 0 ACTIVE users in the system.



Job manager parameters and information containing the user list and user usage information is saved.




The list of all ACTIVE users is extracted and updated at Friday, 14-Aug-2015  7:53:04 AM.
There are 0 ACTIVE users in the system.



Job manager parameters and information containing the user list and user usage information is saved.




The list of all ACTIVE users is extracted and updated at Friday, 14-Aug-2015  7:53:15 AM.
There are 0 ACTIVE users in the system.



Job manager parameters and information containing the user list and user usage information is saved.




The list of all ACTIVE users is extracted and updated at Friday, 14-Aug-2015  7:53:25 AM.
There are 0 ACTIVE users in the system.



Job manager parameters and information containing the user list and user usage information is saved.




The list of all ACTIVE users is extracted and updated at Friday, 14-Aug-2015  7:53:35 AM.
There are 0 ACTIVE users in the system.



Job manager parameters and information containing the user list and user usage information is saved.




The list of all ACTIVE users is extracted and updated at Friday, 14-Aug-2015  7:53:45 AM.
There are 0 ACTIVE users in the system.



Job manager parameters and information containing the user list and user usage information is saved.




The list of all ACTIVE users is extracted and updated at Friday, 14-Aug-2015  7:53:55 AM.
There are 0 ACTIVE users in the system.



Job manager parameters and information containing the user list and user usage information is saved.




The list of all ACTIVE users is extracted and updated at Friday, 14-Aug-2015  7:54:05 AM.
There are 0 ACTIVE users in the system.



Job manager parameters and information containing the user list and user usage information is saved.




The list of all ACTIVE users is extracted and updated at Friday, 14-Aug-2015  7:54:15 AM.
There are 0 ACTIVE users in the system.



Job manager parameters and information containing the user list and user usage information is saved.




The list of all ACTIVE users is extracted and updated at Friday, 14-Aug-2015  7:54:25 AM.
There are 0 ACTIVE users in the system.



Job manager parameters and information containing the user list and user usage information is saved.




The list of all ACTIVE users is extracted and updated at Friday, 14-Aug-2015  7:54:36 AM.
There are 0 ACTIVE users in the system.



Job manager parameters and information containing the user list and user usage information is saved.




The list of all ACTIVE users is extracted and updated at Friday, 14-Aug-2015  7:54:46 AM.
There are 0 ACTIVE users in the system.



Job manager parameters and information containing the user list and user usage information is saved.




The list of all ACTIVE users is extracted and updated at Friday, 14-Aug-2015  7:54:56 AM.
There are 0 ACTIVE users in the system.



Job manager parameters and information containing the user list and user usage information is saved.




The list of all ACTIVE users is extracted and updated at Friday, 14-Aug-2015  7:55:06 AM.
There are 0 ACTIVE users in the system.



Job manager parameters and information containing the user list and user usage information is saved.




The list of all ACTIVE users is extracted and updated at Friday, 14-Aug-2015  7:55:16 AM.
There are 0 ACTIVE users in the system.



Job manager parameters and information containing the user list and user usage information is saved.




The list of all ACTIVE users is extracted and updated at Friday, 14-Aug-2015  7:55:26 AM.
There are 0 ACTIVE users in the system.



Job manager parameters and information containing the user list and user usage information is saved.




The list of all ACTIVE users is extracted and updated at Friday, 14-Aug-2015  7:55:36 AM.
There are 0 ACTIVE users in the system.



Job manager parameters and information containing the user list and user usage information is saved.




The list of all ACTIVE users is extracted and updated at Friday, 14-Aug-2015  7:55:47 AM.
There are 0 ACTIVE users in the system.



Job manager parameters and information containing the user list and user usage information is saved.




The list of all ACTIVE users is extracted and updated at Friday, 14-Aug-2015  7:55:57 AM.
There are 0 ACTIVE users in the system.



Job manager parameters and information containing the user list and user usage information is saved.




The list of all ACTIVE users is extracted and updated at Friday, 14-Aug-2015  7:56:07 AM.
There are 0 ACTIVE users in the system.



Job manager parameters and information containing the user list and user usage information is saved.




The list of all ACTIVE users is extracted and updated at Friday, 14-Aug-2015  7:56:17 AM.
There are 0 ACTIVE users in the system.



Job manager parameters and information containing the user list and user usage information is saved.




The list of all ACTIVE users is extracted and updated at Friday, 14-Aug-2015  7:56:27 AM.
There are 0 ACTIVE users in the system.



Job manager parameters and information containing the user list and user usage information is saved.




The list of all ACTIVE users is extracted and updated at Friday, 14-Aug-2015  7:56:37 AM.
There are 0 ACTIVE users in the system.



Job manager parameters and information containing the user list and user usage information is saved.




The list of all ACTIVE users is extracted and updated at Friday, 14-Aug-2015  7:56:47 AM.
There are 0 ACTIVE users in the system.



Job manager parameters and information containing the user list and user usage information is saved.




The list of all ACTIVE users is extracted and updated at Friday, 14-Aug-2015  7:56:57 AM.
There are 0 ACTIVE users in the system.



Job manager parameters and information containing the user list and user usage information is saved.




The list of all ACTIVE users is extracted and updated at Friday, 14-Aug-2015  7:57:08 AM.
There are 0 ACTIVE users in the system.



Job manager parameters and information containing the user list and user usage information is saved.




The list of all ACTIVE users is extracted and updated at Friday, 14-Aug-2015  7:57:18 AM.
There are 0 ACTIVE users in the system.



Job manager parameters and information containing the user list and user usage information is saved.




The list of all ACTIVE users is extracted and updated at Friday, 14-Aug-2015  7:57:28 AM.
There are 0 ACTIVE users in the system.



Job manager parameters and information containing the user list and user usage information is saved.




The list of all ACTIVE users is extracted and updated at Friday, 14-Aug-2015  7:57:38 AM.
There are 0 ACTIVE users in the system.



Job manager parameters and information containing the user list and user usage information is saved.




The list of all ACTIVE users is extracted and updated at Friday, 14-Aug-2015  7:57:48 AM.
There are 0 ACTIVE users in the system.



Job manager parameters and information containing the user list and user usage information is saved.




The list of all ACTIVE users is extracted and updated at Friday, 14-Aug-2015  7:57:58 AM.
There are 0 ACTIVE users in the system.



Job manager parameters and information containing the user list and user usage information is saved.




The list of all ACTIVE users is extracted and updated at Friday, 14-Aug-2015  7:58:08 AM.
There are 0 ACTIVE users in the system.



Job manager parameters and information containing the user list and user usage information is saved.




The list of all ACTIVE users is extracted and updated at Friday, 14-Aug-2015  7:58:18 AM.
There are 0 ACTIVE users in the system.



Job manager parameters and information containing the user list and user usage information is saved.




The list of all ACTIVE users is extracted and updated at Friday, 14-Aug-2015  7:58:29 AM.
There are 0 ACTIVE users in the system.



Job manager parameters and information containing the user list and user usage information is saved.




The list of all ACTIVE users is extracted and updated at Friday, 14-Aug-2015  7:58:39 AM.
There are 0 ACTIVE users in the system.



Job manager parameters and information containing the user list and user usage information is saved.




The list of all ACTIVE users is extracted and updated at Friday, 14-Aug-2015  7:58:49 AM.
There are 0 ACTIVE users in the system.



Job manager parameters and information containing the user list and user usage information is saved.




The list of all ACTIVE users is extracted and updated at Friday, 14-Aug-2015  7:58:59 AM.
There are 0 ACTIVE users in the system.



Job manager parameters and information containing the user list and user usage information is saved.




The list of all ACTIVE users is extracted and updated at Friday, 14-Aug-2015  7:59:09 AM.
There are 0 ACTIVE users in the system.



Job manager parameters and information containing the user list and user usage information is saved.




The list of all ACTIVE users is extracted and updated at Friday, 14-Aug-2015  7:59:19 AM.
There are 0 ACTIVE users in the system.



Job manager parameters and information containing the user list and user usage information is saved.




The list of all ACTIVE users is extracted and updated at Friday, 14-Aug-2015  7:59:29 AM.
There are 0 ACTIVE users in the system.



Job manager parameters and information containing the user list and user usage information is saved.




The list of all ACTIVE users is extracted and updated at Friday, 14-Aug-2015  7:59:40 AM.
There are 0 ACTIVE users in the system.



Job manager parameters and information containing the user list and user usage information is saved.

